<?xml version="1.0" encoding="UTF-8"?>
<testng-results skipped="0" failed="1" ignored="0" total="1" passed="0">
  <reporter-output>
  </reporter-output>
  <suite name="Default suite" duration-ms="27318" started-at="2021-12-21T16:43:29 IST" finished-at="2021-12-21T16:43:56 IST">
    <groups>
      <group name="cucumber">
        <method signature="AbstractTestNGCucumberTests.runScenario(io.cucumber.testng.PickleWrapper,io.cucumber.testng.FeatureWrapper)[pri:0, instance:runner.Runner@1990a65e]" name="runScenario" class="io.cucumber.testng.AbstractTestNGCucumberTests"/>
      </group> <!-- cucumber -->
    </groups>
    <test name="Default test" duration-ms="27318" started-at="2021-12-21T16:43:29 IST" finished-at="2021-12-21T16:43:56 IST">
      <class name="runner.Runner">
        <test-method status="PASS" signature="setUpClass()[pri:0, instance:runner.Runner@1990a65e]" name="setUpClass" is-config="true" duration-ms="702" started-at="2021-12-21T16:43:29 IST" finished-at="2021-12-21T16:43:30 IST">
          <reporter-output>
          </reporter-output>
        </test-method> <!-- setUpClass -->
        <test-method status="FAIL" signature="runScenario(io.cucumber.testng.PickleWrapper,io.cucumber.testng.FeatureWrapper)[pri:0, instance:runner.Runner@1990a65e]" name="runScenario" duration-ms="26524" started-at="2021-12-21T16:43:30 IST" description="Runs Cucumber Scenarios" data-provider="scenarios" finished-at="2021-12-21T16:43:56 IST">
          <params>
            <param index="0">
              <value>
                <![CDATA["as valid user iwill enter mutliple set of invlaid user crede"]]>
              </value>
            </param>
            <param index="1">
              <value>
                <![CDATA["Optional[user can create modify and delete organization]"]]>
              </value>
            </param>
          </params>
          <exception class="org.openqa.selenium.ElementNotInteractableException">
            <message>
              <![CDATA[element not interactable
  (Session info: chrome=96.0.4664.110)
Build info: version: '4.0.0', revision: '3a21814679'
System info: host: 'SOHAN-PC', ip: '192.168.23.1', os.name: 'Windows 10', os.arch: 'amd64', os.version: '10.0', java.version: '1.8.0_311'
Driver info: org.openqa.selenium.chrome.ChromeDriver
Command: [491814e063aca216b8173bc4f4c7c7c2, clickElement {id=3948ad95-f937-4485-95dd-475a0b286775}]
Capabilities {acceptInsecureCerts: false, browserName: chrome, browserVersion: 96.0.4664.110, chrome: {chromedriverVersion: 96.0.4664.45 (76e4c1bb2ab46..., userDataDir: C:\Users\SOHAN\AppData\Loca...}, goog:chromeOptions: {debuggerAddress: localhost:49544}, javascriptEnabled: true, networkConnectionEnabled: false, pageLoadStrategy: normal, platform: WINDOWS, platformName: WINDOWS, proxy: Proxy(), se:cdp: ws://localhost:49544/devtoo..., se:cdpVersion: 96.0.4664.110, setWindowRect: true, strictFileInteractability: false, timeouts: {implicit: 0, pageLoad: 300000, script: 30000}, unhandledPromptBehavior: dismiss and notify, webauthn:extension:credBlob: true, webauthn:extension:largeBlob: true, webauthn:virtualAuthenticators: true}
Element: [[ChromeDriver: chrome on WINDOWS (491814e063aca216b8173bc4f4c7c7c2)] -> xpath: //a[@class='drop_down_usersettings' and text()='Sign Out']]
Session ID: 491814e063aca216b8173bc4f4c7c7c2]]>
            </message>
            <full-stacktrace>
              <![CDATA[org.openqa.selenium.ElementNotInteractableException: element not interactable
  (Session info: chrome=96.0.4664.110)
Build info: version: '4.0.0', revision: '3a21814679'
System info: host: 'SOHAN-PC', ip: '192.168.23.1', os.name: 'Windows 10', os.arch: 'amd64', os.version: '10.0', java.version: '1.8.0_311'
Driver info: org.openqa.selenium.chrome.ChromeDriver
Command: [491814e063aca216b8173bc4f4c7c7c2, clickElement {id=3948ad95-f937-4485-95dd-475a0b286775}]
Capabilities {acceptInsecureCerts: false, browserName: chrome, browserVersion: 96.0.4664.110, chrome: {chromedriverVersion: 96.0.4664.45 (76e4c1bb2ab46..., userDataDir: C:\Users\SOHAN\AppData\Loca...}, goog:chromeOptions: {debuggerAddress: localhost:49544}, javascriptEnabled: true, networkConnectionEnabled: false, pageLoadStrategy: normal, platform: WINDOWS, platformName: WINDOWS, proxy: Proxy(), se:cdp: ws://localhost:49544/devtoo..., se:cdpVersion: 96.0.4664.110, setWindowRect: true, strictFileInteractability: false, timeouts: {implicit: 0, pageLoad: 300000, script: 30000}, unhandledPromptBehavior: dismiss and notify, webauthn:extension:credBlob: true, webauthn:extension:largeBlob: true, webauthn:virtualAuthenticators: true}
Element: [[ChromeDriver: chrome on WINDOWS (491814e063aca216b8173bc4f4c7c7c2)] -> xpath: //a[@class='drop_down_usersettings' and text()='Sign Out']]
Session ID: 491814e063aca216b8173bc4f4c7c7c2
at sun.reflect.NativeConstructorAccessorImpl.newInstance0(Native Method)
at sun.reflect.NativeConstructorAccessorImpl.newInstance(Unknown Source)
at sun.reflect.DelegatingConstructorAccessorImpl.newInstance(Unknown Source)
at java.lang.reflect.Constructor.newInstance(Unknown Source)
at org.openqa.selenium.remote.codec.w3c.W3CHttpResponseCodec.createException(W3CHttpResponseCodec.java:200)
at org.openqa.selenium.remote.codec.w3c.W3CHttpResponseCodec.decode(W3CHttpResponseCodec.java:133)
at org.openqa.selenium.remote.codec.w3c.W3CHttpResponseCodec.decode(W3CHttpResponseCodec.java:53)
at org.openqa.selenium.remote.HttpCommandExecutor.execute(HttpCommandExecutor.java:184)
at org.openqa.selenium.remote.service.DriverCommandExecutor.invokeExecute(DriverCommandExecutor.java:164)
at org.openqa.selenium.remote.service.DriverCommandExecutor.execute(DriverCommandExecutor.java:139)
at org.openqa.selenium.remote.RemoteWebDriver.execute(RemoteWebDriver.java:559)
at org.openqa.selenium.remote.RemoteWebElement.execute(RemoteWebElement.java:251)
at org.openqa.selenium.remote.RemoteWebElement.click(RemoteWebElement.java:77)
at stepDefinition.LoginTest.click_on_signout(LoginTest.java:91)
at ✽.click on signout(file:///D:/JAVAexercise/eclipse%20workspace/com.cucumber/./src/test/java/feature/organization.feature:14)
]]>
            </full-stacktrace>
          </exception> <!-- org.openqa.selenium.ElementNotInteractableException -->
          <reporter-output>
          </reporter-output>
        </test-method> <!-- runScenario -->
        <test-method status="PASS" signature="tearDownClass()[pri:0, instance:runner.Runner@1990a65e]" name="tearDownClass" is-config="true" duration-ms="26" started-at="2021-12-21T16:43:56 IST" finished-at="2021-12-21T16:43:56 IST">
          <reporter-output>
          </reporter-output>
        </test-method> <!-- tearDownClass -->
      </class> <!-- runner.Runner -->
    </test> <!-- Default test -->
  </suite> <!-- Default suite -->
</testng-results>
